# JRE version: OpenJDK Runtime Environment Temurin-17.0.2+8 (17.0.2+8) (build 17.0.2+8)
# Java VM: OpenJDK 64-Bit Server VM Temurin-17.0.2+8 (17.0.2+8, mixed mode, tiered, compressed oops, compressed class ptrs, g1 gc, windows-amd64)
GC Precious Log:
 CPUs: 16 total, 16 available
 Memory: 16125M
 Large Page Support: Disabled
 NUMA Support: Disabled
 Compressed Oops: Enabled (Zero based)
 Heap Region Size: 2M
 Heap Min Capacity: 8M
 Heap Initial Capacity: 252M
 Heap Max Capacity: 4032M
 Pre-touch: Disabled
 Parallel Workers: 13
 Concurrent Workers: 3
 Concurrent Refinement Workers: 13
 Periodic GC: Disabled
Heap:
 garbage-first heap   total 149504K, used 85513K [0x0000000704000000, 0x0000000800000000)
  region size 2048K, 31 young (63488K), 5 survivors (10240K)
 Metaspace       used 38926K, committed 39232K, reserved 1089536K
  class space    used 4691K, committed 4800K, reserved 1048576K
GC Heap History (20 events):
Event: 0.539 GC heap before
{Heap before GC invocations=0 (full 0):
 garbage-first heap   total 258048K, used 22528K [0x0000000704000000, 0x0000000800000000)
  region size 2048K, 11 young (22528K), 0 survivors (0K)
 Metaspace       used 12436K, committed 12608K, reserved 1064960K
  class space    used 1285K, committed 1344K, reserved 1048576K
}
Event: 0.543 GC heap after
{Heap after GC invocations=1 (full 0):
 garbage-first heap   total 258048K, used 3085K [0x0000000704000000, 0x0000000800000000)
  region size 2048K, 2 young (4096K), 2 survivors (4096K)
 Metaspace       used 12436K, committed 12608K, reserved 1064960K
  class space    used 1285K, committed 1344K, reserved 1048576K
}
Event: 0.859 GC heap before
{Heap before GC invocations=1 (full 0):
 garbage-first heap   total 258048K, used 15373K [0x0000000704000000, 0x0000000800000000)
  region size 2048K, 9 young (18432K), 2 survivors (4096K)
 Metaspace       used 21329K, committed 21504K, reserved 1073152K
  class space    used 2239K, committed 2368K, reserved 1048576K
}
Event: 0.862 GC heap after
{Heap after GC invocations=2 (full 0):
 garbage-first heap   total 258048K, used 5470K [0x0000000704000000, 0x0000000800000000)
  region size 2048K, 3 young (6144K), 3 survivors (6144K)
 Metaspace       used 21329K, committed 21504K, reserved 1073152K
  class space    used 2239K, committed 2368K, reserved 1048576K
}
Event: 1.012 GC heap before
{Heap before GC invocations=3 (full 0):
 garbage-first heap   total 28672K, used 17758K [0x0000000704000000, 0x0000000800000000)
  region size 2048K, 10 young (20480K), 3 survivors (6144K)
 Metaspace       used 25249K, committed 25472K, reserved 1073152K
  class space    used 2761K, committed 2880K, reserved 1048576K
}
Event: 1.016 GC heap after
{Heap after GC invocations=4 (full 0):
 garbage-first heap   total 30720K, used 7857K [0x0000000704000000, 0x0000000800000000)
  region size 2048K, 3 young (6144K), 3 survivors (6144K)
 Metaspace       used 25249K, committed 25472K, reserved 1073152K
  class space    used 2761K, committed 2880K, reserved 1048576K
}
Event: 1.122 GC heap before
{Heap before GC invocations=4 (full 0):
 garbage-first heap   total 30720K, used 14001K [0x0000000704000000, 0x0000000800000000)
  region size 2048K, 7 young (14336K), 3 survivors (6144K)
 Metaspace       used 27154K, committed 27392K, reserved 1073152K
  class space    used 3115K, committed 3200K, reserved 1048576K
}
Event: 1.125 GC heap after
{Heap after GC invocations=5 (full 0):
 garbage-first heap   total 30720K, used 9096K [0x0000000704000000, 0x0000000800000000)
  region size 2048K, 1 young (2048K), 1 survivors (2048K)
 Metaspace       used 27154K, committed 27392K, reserved 1073152K
  class space    used 3115K, committed 3200K, reserved 1048576K
}
Event: 1.263 GC heap before
{Heap before GC invocations=5 (full 0):
 garbage-first heap   total 30720K, used 17288K [0x0000000704000000, 0x0000000800000000)
  region size 2048K, 6 young (12288K), 1 survivors (2048K)
 Metaspace       used 29690K, committed 29888K, reserved 1081344K
  class space    used 3652K, committed 3776K, reserved 1048576K
}
Event: 1.264 GC heap after
{Heap after GC invocations=6 (full 0):
 garbage-first heap   total 30720K, used 9260K [0x0000000704000000, 0x0000000800000000)
  region size 2048K, 1 young (2048K), 1 survivors (2048K)
 Metaspace       used 29690K, committed 29888K, reserved 1081344K
  class space    used 3652K, committed 3776K, reserved 1048576K
}
Event: 2.204 GC heap before
{Heap before GC invocations=6 (full 0):
 garbage-first heap   total 30720K, used 19500K [0x0000000704000000, 0x0000000800000000)
  region size 2048K, 6 young (12288K), 1 survivors (2048K)
 Metaspace       used 31340K, committed 31616K, reserved 1081344K
  class space    used 3828K, committed 3968K, reserved 1048576K
}
Event: 2.206 GC heap after
{Heap after GC invocations=7 (full 0):
 garbage-first heap   total 30720K, used 15255K [0x0000000704000000, 0x0000000800000000)
  region size 2048K, 1 young (2048K), 1 survivors (2048K)
 Metaspace       used 31340K, committed 31616K, reserved 1081344K
  class space    used 3828K, committed 3968K, reserved 1048576K
}
Event: 2.227 GC heap before
{Heap before GC invocations=7 (full 0):
 garbage-first heap   total 30720K, used 15255K [0x0000000704000000, 0x0000000800000000)
  region size 2048K, 2 young (4096K), 1 survivors (2048K)
 Metaspace       used 31481K, committed 31744K, reserved 1081344K
  class space    used 3842K, committed 3968K, reserved 1048576K
}
Event: 2.229 GC heap after
{Heap after GC invocations=8 (full 0):
 garbage-first heap   total 30720K, used 15991K [0x0000000704000000, 0x0000000800000000)
  region size 2048K, 1 young (2048K), 1 survivors (2048K)
 Metaspace       used 31481K, committed 31744K, reserved 1081344K
  class space    used 3842K, committed 3968K, reserved 1048576K
}
Event: 2.244 GC heap before
{Heap before GC invocations=9 (full 0):
 garbage-first heap   total 38912K, used 18039K [0x0000000704000000, 0x0000000800000000)
  region size 2048K, 2 young (4096K), 1 survivors (2048K)
 Metaspace       used 31482K, committed 31744K, reserved 1081344K
  class space    used 3842K, committed 3968K, reserved 1048576K
}
Event: 2.246 GC heap after
{Heap after GC invocations=10 (full 0):
 garbage-first heap   total 149504K, used 18053K [0x0000000704000000, 0x0000000800000000)
  region size 2048K, 1 young (2048K), 1 survivors (2048K)
 Metaspace       used 31482K, committed 31744K, reserved 1081344K
  class space    used 3842K, committed 3968K, reserved 1048576K
}
Event: 16.654 GC heap before
{Heap before GC invocations=10 (full 0):
 garbage-first heap   total 149504K, used 102021K [0x0000000704000000, 0x0000000800000000)
  region size 2048K, 37 young (75776K), 1 survivors (2048K)
 Metaspace       used 37657K, committed 37952K, reserved 1089536K
  class space    used 4664K, committed 4800K, reserved 1048576K
}
Event: 16.656 GC heap after
{Heap after GC invocations=11 (full 0):
 garbage-first heap   total 149504K, used 27697K [0x0000000704000000, 0x0000000800000000)
  region size 2048K, 3 young (6144K), 3 survivors (6144K)
 Metaspace       used 37657K, committed 37952K, reserved 1089536K
  class space    used 4664K, committed 4800K, reserved 1048576K
}
Event: 54.517 GC heap before
{Heap before GC invocations=11 (full 0):
 garbage-first heap   total 149504K, used 103473K [0x0000000704000000, 0x0000000800000000)
  region size 2048K, 40 young (81920K), 3 survivors (6144K)
 Metaspace       used 38475K, committed 38720K, reserved 1089536K
  class space    used 4685K, committed 4800K, reserved 1048576K
}
Event: 54.523 GC heap after
{Heap after GC invocations=12 (full 0):
 garbage-first heap   total 149504K, used 32265K [0x0000000704000000, 0x0000000800000000)
  region size 2048K, 5 young (10240K), 5 survivors (10240K)
 Metaspace       used 38475K, committed 38720K, reserved 1089536K
  class space    used 4685K, committed 4800K, reserved 1048576K
}

